[debug] ----------------------------------------------------------------------
[debug] Command:      node /usr/local/bin/firebase open
[debug] CLI Version:  3.0.3
[debug] Platform:     darwin
[debug] Node Version: v0.12.7
[debug] Time:         Thu Jun 23 2016 18:36:05 GMT-0700 (PDT)
[debug] ----------------------------------------------------------------------
[debug] 
[debug] > command requires scopes: ["email","openid","https://www.googleapis.com/auth/cloudplatformprojects.readonly","https://www.googleapis.com/auth/firebase"]
[debug] >>> HTTP REQUEST GET https://admin.firebase.com/v1/projects/anuvs-chessroom-ba1fc 
[error] 
[error] Error: An unknown error occurred. Please contact support.
[debug] Error Context: {
  "requestOptions": {
    "method": "GET",
    "json": true,
    "url": "https://admin.firebase.com/v1/projects/anuvs-chessroom-ba1fc",
    "headers": {
      "authorization": "Bearer ya29.CjALAyS2e0zZCQC_JWDDPzvWzN1t-Vim_qugicXarXQIipsZyLii2Dq25jpyJqgYTDE"
    }
  },
  "body": {
    "error": {
      "code": "UNKNOWN_ERROR",
      "message": "An unknown error occurred. Please contact support."
    }
  },
  "response": {
    "statusCode": 500,
    "body": {
      "error": {
        "code": "UNKNOWN_ERROR",
        "message": "An unknown error occurred. Please contact support."
      }
    },
    "headers": {
      "server": "nginx",
      "date": "Fri, 24 Jun 2016 01:36:09 GMT",
      "content-type": "application/json; charset=utf-8",
      "content-length": "97",
      "connection": "close",
      "x-content-type-options": "nosniff"
    },
    "request": {
      "uri": {
        "protocol": "https:",
        "slashes": true,
        "auth": null,
        "host": "admin.firebase.com",
        "port": 443,
        "hostname": "admin.firebase.com",
        "hash": null,
        "search": null,
        "query": null,
        "pathname": "/v1/projects/anuvs-chessroom-ba1fc",
        "path": "/v1/projects/anuvs-chessroom-ba1fc",
        "href": "https://admin.firebase.com/v1/projects/anuvs-chessroom-ba1fc"
      },
      "method": "GET",
      "headers": {
        "authorization": "Bearer ya29.CjALAyS2e0zZCQC_JWDDPzvWzN1t-Vim_qugicXarXQIipsZyLii2Dq25jpyJqgYTDE",
        "accept": "application/json"
      }
    }
  }
}
